\BOOKMARK [1][-]{section.1}{\376\377\000R\000I\000P}{}% 1
\BOOKMARK [2][-]{subsection.1.1}{\376\377\123\117\213\256\151\202\217\360}{section.1}% 2
\BOOKMARK [2][-]{subsection.1.2}{\376\377\173\227\154\325}{section.1}% 3
\BOOKMARK [2][-]{subsection.1.3}{\376\377\123\117\213\256\162\171\140\047}{section.1}% 4
\BOOKMARK [2][-]{subsection.1.4}{\376\377\142\245\145\207\150\074\137\017}{section.1}% 5
\BOOKMARK [2][-]{subsection.1.5}{\376\377\123\117\213\256\142\151\134\125}{section.1}% 6
\BOOKMARK [2][-]{subsection.1.6}{\376\377\123\117\213\256\133\236\163\260}{section.1}% 7
\BOOKMARK [2][-]{subsection.1.7}{\376\377\176\323\147\234}{section.1}% 8
\BOOKMARK [2][-]{subsection.1.8}{\376\377\140\073\176\323}{section.1}% 9
\BOOKMARK [1][-]{section.2}{\376\377\000O\000S\000P\000F}{}% 10
\BOOKMARK [2][-]{subsection.2.1}{\376\377\123\117\213\256\151\202\217\360}{section.2}% 11
\BOOKMARK [2][-]{subsection.2.2}{\376\377\173\227\154\325}{section.2}% 12
\BOOKMARK [2][-]{subsection.2.3}{\376\377\123\117\213\256\162\171\140\047}{section.2}% 13
\BOOKMARK [2][-]{subsection.2.4}{\376\377\142\245\145\207\150\074\137\017}{section.2}% 14
\BOOKMARK [2][-]{subsection.2.5}{\376\377\123\117\213\256\142\151\134\125}{section.2}% 15
\BOOKMARK [2][-]{subsection.2.6}{\376\377\123\117\213\256\133\236\163\260}{section.2}% 16
\BOOKMARK [2][-]{subsection.2.7}{\376\377\176\323\147\234}{section.2}% 17
\BOOKMARK [2][-]{subsection.2.8}{\376\377\140\073\176\323}{section.2}% 18
\BOOKMARK [1][-]{section.3}{\376\377\000C\000e\000n\000t\000r\000a\000l\000i\000z\000e\000d}{}% 19
\BOOKMARK [2][-]{subsection.3.1}{\376\377\123\117\213\256\151\202\217\360}{section.3}% 20
\BOOKMARK [2][-]{subsection.3.2}{\376\377\173\227\154\325}{section.3}% 21
\BOOKMARK [2][-]{subsection.3.3}{\376\377\123\117\213\256\162\171\140\047}{section.3}% 22
\BOOKMARK [2][-]{subsection.3.4}{\376\377\142\245\145\207\150\074\137\017}{section.3}% 23
\BOOKMARK [2][-]{subsection.3.5}{\376\377\123\117\213\256\142\151\134\125}{section.3}% 24
\BOOKMARK [2][-]{subsection.3.6}{\376\377\123\117\213\256\133\236\163\260}{section.3}% 25
\BOOKMARK [2][-]{subsection.3.7}{\376\377\176\323\147\234}{section.3}% 26
\BOOKMARK [2][-]{subsection.3.8}{\376\377\140\073\176\323}{section.3}% 27
